<?xml version="1.0" encoding="UTF-8"?>
<!-- Generated by org.testng.reporters.JUnitReportReporter -->
<testsuite hostname="VIVEK" name="VIK.Framework.ValidateHeartIcon" tests="1" failures="0" timestamp="8 Jan 2021 20:25:04 GMT" time="2.083" errors="0">
  <testcase name="heartIcon" time="2.083" classname="VIK.Framework.ValidateHeartIcon"/>
</testsuite> <!-- VIK.Framework.ValidateHeartIcon -->
