<?xml version="1.0" encoding="UTF-8"?>
<!-- Generated by org.testng.reporters.JUnitReportReporter -->
<testsuite hostname="VIVEK" name="VIK.Framework.LoginPage" tests="2" failures="0" timestamp="8 Jan 2021 20:25:04 GMT" time="11.427" errors="0">
  <testcase name="signIn" time="5.741" classname="VIK.Framework.LoginPage"/>
  <testcase name="signIn" time="5.686" classname="VIK.Framework.LoginPage"/>
</testsuite> <!-- VIK.Framework.LoginPage -->
