<?xml version="1.0" encoding="UTF-8"?>
<!-- Generated by org.testng.reporters.JUnitReportReporter -->
<testsuite hostname="VIVEK" failures="0" tests="2" name="VIK.Framework.LoginPage" time="10.681" errors="0" timestamp="2021-01-08T15:59:07 PST" skipped="0">
  <testcase classname="VIK.Framework.LoginPage" name="signIn" time="5.708"/>
  <system-out/>
  <testcase classname="VIK.Framework.LoginPage" name="signIn" time="4.973"/>
  <system-out/>
</testsuite> <!-- VIK.Framework.LoginPage -->
