<?xml version="1.0" encoding="UTF-8"?>
<!-- Generated by org.testng.reporters.JUnitReportReporter -->
<testsuite hostname="VIVEK" failures="0" tests="1" name="VIK.Framework.ValidateHeartIcon" time="2.084" errors="0" timestamp="2021-01-08T15:59:07 PST" skipped="0">
  <testcase classname="VIK.Framework.ValidateHeartIcon" name="heartIcon" time="2.084"/>
  <system-out/>
</testsuite> <!-- VIK.Framework.ValidateHeartIcon -->
